2024-10-14 11:02:00,098 ERROR scheduler Skipped queueing frappe.twofactor.delete_all_barcodes_for_users because it was found in queue for frappe_site
2024-10-14 11:02:00,101 ERROR scheduler Skipped queueing frappe.desk.form.document_follow.send_hourly_updates because it was found in queue for frappe_site
2024-10-14 11:02:00,104 ERROR scheduler Skipped queueing frappe.integrations.doctype.dropbox_settings.dropbox_settings.take_backups_daily because it was found in queue for frappe_site
2024-10-14 11:02:00,107 ERROR scheduler Skipped queueing frappe.core.doctype.prepared_report.prepared_report.expire_stalled_report because it was found in queue for frappe_site
2024-10-14 11:02:00,109 ERROR scheduler Skipped queueing frappe.email.doctype.notification.notification.trigger_daily_alerts because it was found in queue for frappe_site
2024-10-14 11:02:00,112 ERROR scheduler Skipped queueing frappe.integrations.doctype.google_drive.google_drive.weekly_backup because it was found in queue for frappe_site
2024-10-14 11:02:00,114 ERROR scheduler Skipped queueing frappe.social.doctype.energy_point_settings.energy_point_settings.allocate_review_points because it was found in queue for frappe_site
2024-10-14 11:02:00,116 ERROR scheduler Skipped queueing frappe.automation.doctype.auto_repeat.auto_repeat.set_auto_repeat_as_completed because it was found in queue for frappe_site
2024-10-14 11:02:00,118 ERROR scheduler Skipped queueing frappe.desk.form.document_follow.send_daily_updates because it was found in queue for frappe_site
2024-10-14 11:02:00,120 ERROR scheduler Skipped queueing frappe.desk.doctype.changelog_feed.changelog_feed.fetch_changelog_feed because it was found in queue for frappe_site
2024-10-14 11:02:00,126 ERROR scheduler Skipped queueing frappe.website.doctype.web_page.web_page.check_publish_status because it was found in queue for frappe_site
2024-10-14 11:02:00,128 ERROR scheduler Skipped queueing frappe.deferred_insert.save_to_db because it was found in queue for frappe_site
2024-10-14 11:02:00,130 ERROR scheduler Skipped queueing frappe.email.doctype.newsletter.newsletter.send_scheduled_email because it was found in queue for frappe_site
2024-10-14 11:02:00,136 ERROR scheduler Skipped queueing frappe.automation.doctype.auto_repeat.auto_repeat.make_auto_repeat_entry because it was found in queue for frappe_site
2024-10-14 11:02:00,138 ERROR scheduler Skipped queueing frappe.utils.change_log.check_for_update because it was found in queue for frappe_site
2024-10-14 11:02:00,140 ERROR scheduler Skipped queueing frappe.core.doctype.log_settings.log_settings.run_log_clean_up because it was found in queue for frappe_site
2024-10-14 11:02:00,142 ERROR scheduler Skipped queueing frappe.social.doctype.energy_point_log.energy_point_log.send_weekly_summary because it was found in queue for frappe_site
2024-10-14 11:02:00,144 ERROR scheduler Skipped queueing frappe.sessions.clear_expired_sessions because it was found in queue for frappe_site
2024-10-14 11:02:00,146 ERROR scheduler Skipped queueing frappe.email.doctype.auto_email_report.auto_email_report.send_daily because it was found in queue for frappe_site
2024-10-14 11:02:00,148 ERROR scheduler Skipped queueing frappe.desk.page.backups.backups.delete_downloadable_backups because it was found in queue for frappe_site
2024-10-14 11:02:00,150 ERROR scheduler Skipped queueing frappe.email.queue.flush because it was found in queue for frappe_site
2024-10-14 11:02:00,152 ERROR scheduler Skipped queueing frappe.website.doctype.personal_data_deletion_request.personal_data_deletion_request.remove_unverified_record because it was found in queue for frappe_site
2024-10-14 11:02:00,154 ERROR scheduler Skipped queueing frappe.email.doctype.email_account.email_account.notify_unreplied because it was found in queue for frappe_site
2024-10-14 11:02:00,156 ERROR scheduler Skipped queueing frappe.desk.doctype.event.event.send_event_digest because it was found in queue for frappe_site
2024-10-14 11:02:00,161 ERROR scheduler Skipped queueing frappe.oauth.delete_oauth2_data because it was found in queue for frappe_site
2024-10-14 11:02:00,162 ERROR scheduler Skipped queueing frappe.monitor.flush because it was found in queue for frappe_site
2024-10-14 11:02:00,164 ERROR scheduler Skipped queueing frappe.email.doctype.notification.notification.trigger_offset_alerts because it was found in queue for frappe_site
2024-10-14 11:02:00,165 ERROR scheduler Skipped queueing frappe.model.utils.user_settings.sync_user_settings because it was found in queue for frappe_site
2024-10-14 11:02:00,168 ERROR scheduler Skipped queueing frappe.integrations.doctype.s3_backup_settings.s3_backup_settings.take_backups_weekly because it was found in queue for frappe_site
2024-10-14 11:02:00,170 ERROR scheduler Skipped queueing frappe.integrations.doctype.s3_backup_settings.s3_backup_settings.take_backups_daily because it was found in queue for frappe_site
2024-10-14 11:02:00,171 ERROR scheduler Skipped queueing frappe.model.utils.link_count.update_link_count because it was found in queue for frappe_site
2024-10-14 11:02:00,173 ERROR scheduler Skipped queueing frappe.automation.doctype.reminder.reminder.send_reminders because it was found in queue for frappe_site
2024-10-14 11:02:00,174 ERROR scheduler Skipped queueing frappe.integrations.doctype.google_contacts.google_contacts.sync because it was found in queue for frappe_site
2024-10-14 11:02:00,176 ERROR scheduler Skipped queueing frappe.integrations.doctype.dropbox_settings.dropbox_settings.take_backups_weekly because it was found in queue for frappe_site
2024-10-14 11:02:00,177 ERROR scheduler Skipped queueing frappe.desk.form.document_follow.send_weekly_updates because it was found in queue for frappe_site
2024-10-14 11:02:00,180 ERROR scheduler Skipped queueing frappe.integrations.doctype.google_drive.google_drive.daily_backup because it was found in queue for frappe_site
2024-10-14 11:02:00,181 ERROR scheduler Skipped queueing frappe.website.doctype.personal_data_deletion_request.personal_data_deletion_request.process_data_deletion_request because it was found in queue for frappe_site
2024-10-14 11:02:00,182 ERROR scheduler Skipped queueing frappe.desk.notifications.clear_notifications because it was found in queue for frappe_site
2024-10-14 11:21:12,056 ERROR scheduler Skipped queueing frappe.integrations.doctype.dropbox_settings.dropbox_settings.take_backups_weekly because it was found in queue for frappe_site
2024-10-14 11:21:12,059 ERROR scheduler Skipped queueing frappe.desk.doctype.event.event.send_event_digest because it was found in queue for frappe_site
2024-10-14 11:21:12,061 ERROR scheduler Skipped queueing frappe.website.doctype.personal_data_deletion_request.personal_data_deletion_request.remove_unverified_record because it was found in queue for frappe_site
2024-10-14 11:21:12,064 ERROR scheduler Skipped queueing frappe.twofactor.delete_all_barcodes_for_users because it was found in queue for frappe_site
2024-10-14 11:21:12,066 ERROR scheduler Skipped queueing frappe.desk.form.document_follow.send_weekly_updates because it was found in queue for frappe_site
2024-10-14 11:21:12,068 ERROR scheduler Skipped queueing frappe.website.doctype.web_page.web_page.check_publish_status because it was found in queue for frappe_site
2024-10-14 11:21:12,075 ERROR scheduler Skipped queueing frappe.integrations.doctype.google_contacts.google_contacts.sync because it was found in queue for frappe_site
2024-10-14 11:21:12,078 ERROR scheduler Skipped queueing frappe.integrations.doctype.s3_backup_settings.s3_backup_settings.take_backups_weekly because it was found in queue for frappe_site
2024-10-14 11:21:12,080 ERROR scheduler Skipped queueing frappe.utils.change_log.check_for_update because it was found in queue for frappe_site
2024-10-14 11:21:12,082 ERROR scheduler Skipped queueing frappe.core.doctype.log_settings.log_settings.run_log_clean_up because it was found in queue for frappe_site
2024-10-14 11:21:12,084 ERROR scheduler Skipped queueing frappe.integrations.doctype.google_drive.google_drive.weekly_backup because it was found in queue for frappe_site
2024-10-14 11:21:12,086 ERROR scheduler Skipped queueing frappe.website.doctype.personal_data_deletion_request.personal_data_deletion_request.process_data_deletion_request because it was found in queue for frappe_site
2024-10-14 11:21:12,089 ERROR scheduler Skipped queueing frappe.desk.doctype.changelog_feed.changelog_feed.fetch_changelog_feed because it was found in queue for frappe_site
2024-10-14 11:21:12,091 ERROR scheduler Skipped queueing frappe.automation.doctype.auto_repeat.auto_repeat.set_auto_repeat_as_completed because it was found in queue for frappe_site
2024-10-14 11:21:12,094 ERROR scheduler Skipped queueing frappe.social.doctype.energy_point_settings.energy_point_settings.allocate_review_points because it was found in queue for frappe_site
2024-10-14 11:21:12,096 ERROR scheduler Skipped queueing frappe.integrations.doctype.dropbox_settings.dropbox_settings.take_backups_daily because it was found in queue for frappe_site
2024-10-14 11:21:12,098 ERROR scheduler Skipped queueing frappe.model.utils.user_settings.sync_user_settings because it was found in queue for frappe_site
2024-10-14 11:21:12,101 ERROR scheduler Skipped queueing frappe.integrations.doctype.s3_backup_settings.s3_backup_settings.take_backups_daily because it was found in queue for frappe_site
2024-10-14 11:21:12,102 ERROR scheduler Skipped queueing frappe.email.queue.flush because it was found in queue for frappe_site
2024-10-14 11:21:12,105 ERROR scheduler Skipped queueing frappe.core.doctype.prepared_report.prepared_report.expire_stalled_report because it was found in queue for frappe_site
2024-10-14 11:21:12,111 ERROR scheduler Skipped queueing frappe.email.doctype.auto_email_report.auto_email_report.send_daily because it was found in queue for frappe_site
2024-10-14 11:21:12,113 ERROR scheduler Skipped queueing frappe.desk.notifications.clear_notifications because it was found in queue for frappe_site
2024-10-14 11:21:12,114 ERROR scheduler Skipped queueing frappe.social.doctype.energy_point_log.energy_point_log.send_weekly_summary because it was found in queue for frappe_site
2024-10-14 11:21:12,121 ERROR scheduler Skipped queueing frappe.email.doctype.newsletter.newsletter.send_scheduled_email because it was found in queue for frappe_site
2024-10-14 11:21:12,122 ERROR scheduler Skipped queueing frappe.email.doctype.email_account.email_account.notify_unreplied because it was found in queue for frappe_site
2024-10-14 11:21:12,124 ERROR scheduler Skipped queueing frappe.desk.page.backups.backups.delete_downloadable_backups because it was found in queue for frappe_site
2024-10-14 11:21:12,126 ERROR scheduler Skipped queueing frappe.email.doctype.notification.notification.trigger_offset_alerts because it was found in queue for frappe_site
2024-10-14 11:21:12,127 ERROR scheduler Skipped queueing frappe.integrations.doctype.google_drive.google_drive.daily_backup because it was found in queue for frappe_site
2024-10-14 11:22:00,170 ERROR scheduler Skipped queueing frappe.integrations.doctype.google_contacts.google_contacts.sync because it was found in queue for frappe_site
2024-10-14 11:22:00,174 ERROR scheduler Skipped queueing frappe.integrations.doctype.dropbox_settings.dropbox_settings.take_backups_daily because it was found in queue for frappe_site
2024-10-14 11:22:00,178 ERROR scheduler Skipped queueing frappe.integrations.doctype.s3_backup_settings.s3_backup_settings.take_backups_weekly because it was found in queue for frappe_site
2024-10-14 11:22:00,182 ERROR scheduler Skipped queueing frappe.desk.doctype.changelog_feed.changelog_feed.fetch_changelog_feed because it was found in queue for frappe_site
2024-10-14 11:22:00,185 ERROR scheduler Skipped queueing frappe.desk.doctype.event.event.send_event_digest because it was found in queue for frappe_site
2024-10-14 11:22:00,187 ERROR scheduler Skipped queueing frappe.integrations.doctype.dropbox_settings.dropbox_settings.take_backups_weekly because it was found in queue for frappe_site
2024-10-14 11:22:00,190 ERROR scheduler Skipped queueing frappe.twofactor.delete_all_barcodes_for_users because it was found in queue for frappe_site
2024-10-14 11:22:00,193 ERROR scheduler Skipped queueing frappe.website.doctype.personal_data_deletion_request.personal_data_deletion_request.process_data_deletion_request because it was found in queue for frappe_site
2024-10-14 11:22:00,195 ERROR scheduler Skipped queueing frappe.website.doctype.personal_data_deletion_request.personal_data_deletion_request.remove_unverified_record because it was found in queue for frappe_site
2024-10-14 11:22:00,198 ERROR scheduler Skipped queueing frappe.utils.global_search.sync_global_search because it was found in queue for frappe_site
2024-10-14 11:22:00,200 ERROR scheduler Skipped queueing frappe.email.doctype.auto_email_report.auto_email_report.send_daily because it was found in queue for frappe_site
2024-10-14 11:22:00,204 ERROR scheduler Skipped queueing frappe.email.doctype.newsletter.newsletter.send_scheduled_email because it was found in queue for frappe_site
2024-10-14 11:22:00,206 ERROR scheduler Skipped queueing frappe.utils.change_log.check_for_update because it was found in queue for frappe_site
2024-10-14 11:22:00,208 ERROR scheduler Skipped queueing frappe.integrations.doctype.s3_backup_settings.s3_backup_settings.take_backups_daily because it was found in queue for frappe_site
2024-10-14 11:22:00,210 ERROR scheduler Skipped queueing frappe.social.doctype.energy_point_log.energy_point_log.send_weekly_summary because it was found in queue for frappe_site
2024-10-14 11:22:00,212 ERROR scheduler Skipped queueing frappe.email.doctype.email_account.email_account.pull because it was found in queue for frappe_site
2024-10-14 11:22:00,216 ERROR scheduler Skipped queueing frappe.email.doctype.email_account.email_account.notify_unreplied because it was found in queue for frappe_site
2024-10-14 11:22:00,218 ERROR scheduler Skipped queueing frappe.website.doctype.web_page.web_page.check_publish_status because it was found in queue for frappe_site
2024-10-14 11:22:00,220 ERROR scheduler Skipped queueing frappe.desk.notifications.clear_notifications because it was found in queue for frappe_site
2024-10-14 11:22:00,225 ERROR scheduler Skipped queueing frappe.integrations.doctype.google_drive.google_drive.weekly_backup because it was found in queue for frappe_site
2024-10-14 11:22:00,229 ERROR scheduler Skipped queueing frappe.social.doctype.energy_point_settings.energy_point_settings.allocate_review_points because it was found in queue for frappe_site
2024-10-14 11:22:00,232 ERROR scheduler Skipped queueing frappe.integrations.doctype.google_drive.google_drive.daily_backup because it was found in queue for frappe_site
2024-10-14 11:22:00,234 ERROR scheduler Skipped queueing frappe.monitor.flush because it was found in queue for frappe_site
2024-10-14 11:22:00,237 ERROR scheduler Skipped queueing frappe.model.utils.user_settings.sync_user_settings because it was found in queue for frappe_site
2024-10-14 11:22:00,239 ERROR scheduler Skipped queueing frappe.email.queue.flush because it was found in queue for frappe_site
2024-10-14 11:22:00,241 ERROR scheduler Skipped queueing frappe.automation.doctype.auto_repeat.auto_repeat.set_auto_repeat_as_completed because it was found in queue for frappe_site
2024-10-14 11:22:00,243 ERROR scheduler Skipped queueing frappe.desk.form.document_follow.send_weekly_updates because it was found in queue for frappe_site
2024-10-14 11:22:00,246 ERROR scheduler Skipped queueing frappe.email.doctype.notification.notification.trigger_offset_alerts because it was found in queue for frappe_site
2024-10-14 11:22:00,247 ERROR scheduler Skipped queueing frappe.core.doctype.log_settings.log_settings.run_log_clean_up because it was found in queue for frappe_site
2024-10-14 11:22:00,249 ERROR scheduler Skipped queueing frappe.automation.doctype.reminder.reminder.send_reminders because it was found in queue for frappe_site
2024-10-14 11:22:00,251 ERROR scheduler Skipped queueing frappe.core.doctype.prepared_report.prepared_report.expire_stalled_report because it was found in queue for frappe_site
2024-10-14 11:22:00,253 ERROR scheduler Skipped queueing frappe.integrations.doctype.google_calendar.google_calendar.sync because it was found in queue for frappe_site
2024-10-14 11:22:00,256 ERROR scheduler Skipped queueing frappe.desk.page.backups.backups.delete_downloadable_backups because it was found in queue for frappe_site
2024-10-14 12:06:00,669 ERROR scheduler Skipped queueing frappe.email.doctype.newsletter.newsletter.send_scheduled_email because it was found in queue for frappe_site
2024-10-14 12:06:00,672 ERROR scheduler Skipped queueing frappe.deferred_insert.save_to_db because it was found in queue for frappe_site
2024-10-14 12:06:00,674 ERROR scheduler Skipped queueing frappe.desk.page.backups.backups.delete_downloadable_backups because it was found in queue for frappe_site
2024-10-14 12:06:00,704 ERROR scheduler Skipped queueing frappe.model.utils.user_settings.sync_user_settings because it was found in queue for frappe_site
2024-10-14 12:06:00,706 ERROR scheduler Skipped queueing frappe.email.doctype.email_account.email_account.notify_unreplied because it was found in queue for frappe_site
2024-10-14 12:06:00,708 ERROR scheduler Skipped queueing frappe.integrations.doctype.google_calendar.google_calendar.sync because it was found in queue for frappe_site
2024-10-14 12:06:00,710 ERROR scheduler Skipped queueing frappe.utils.global_search.sync_global_search because it was found in queue for frappe_site
2024-10-14 12:06:00,715 ERROR scheduler Skipped queueing frappe.twofactor.delete_all_barcodes_for_users because it was found in queue for frappe_site
2024-10-14 12:06:00,721 ERROR scheduler Skipped queueing frappe.email.queue.flush because it was found in queue for frappe_site
2024-10-14 12:10:00,758 ERROR scheduler Skipped queueing frappe.email.doctype.email_account.email_account.notify_unreplied because it was found in queue for frappe_site
2024-10-14 12:10:00,768 ERROR scheduler Skipped queueing frappe.integrations.doctype.google_calendar.google_calendar.sync because it was found in queue for frappe_site
2024-10-14 12:10:00,782 ERROR scheduler Skipped queueing frappe.automation.doctype.reminder.reminder.send_reminders because it was found in queue for frappe_site
2024-10-14 12:10:00,786 ERROR scheduler Skipped queueing frappe.twofactor.delete_all_barcodes_for_users because it was found in queue for frappe_site
2024-10-14 12:10:00,794 ERROR scheduler Skipped queueing frappe.monitor.flush because it was found in queue for frappe_site
2024-10-14 12:10:00,796 ERROR scheduler Skipped queueing frappe.deferred_insert.save_to_db because it was found in queue for frappe_site
2024-10-14 12:10:00,808 ERROR scheduler Skipped queueing frappe.email.doctype.notification.notification.trigger_offset_alerts because it was found in queue for frappe_site
2024-10-14 12:14:00,908 ERROR scheduler Skipped queueing frappe.integrations.doctype.google_calendar.google_calendar.sync because it was found in queue for frappe_site
2024-10-14 12:14:00,913 ERROR scheduler Skipped queueing frappe.deferred_insert.save_to_db because it was found in queue for frappe_site
2024-10-14 12:14:00,918 ERROR scheduler Skipped queueing frappe.email.doctype.email_account.email_account.notify_unreplied because it was found in queue for frappe_site
2024-10-14 12:14:00,924 ERROR scheduler Skipped queueing frappe.desk.page.backups.backups.delete_downloadable_backups because it was found in queue for frappe_site
2024-10-14 12:14:00,946 ERROR scheduler Skipped queueing frappe.twofactor.delete_all_barcodes_for_users because it was found in queue for frappe_site
